{
  "RSpec": {
    "coverage": {
      "/home/proactive-mapping-9912/tic-tac-toe-rb-dc-fasttrack-041319/lib/tic_tac_toe.rb": [
        null,
        1,
        null,
        null,
        null,
        null,
        null,
        null,
        null,
        null,
        null,
        1,
        9,
        9,
        9,
        9,
        9,
        null,
        null,
        1,
        11,
        null,
        null,
        1,
        10,
        10,
        null,
        null,
        1,
        13,
        null,
        null,
        1,
        11,
        null,
        null,
        1,
        8,
        8,
        8,
        8,
        7,
        7,
        null,
        null,
        1,
        null,
        null,
        null,
        1,
        14,
        14,
        126,
        7,
        null,
        null,
        14,
        null,
        null,
        1,
        13,
        13,
        11,
        null,
        2,
        null,
        null,
        null,
        1,
        20,
        145,
        566,
        8,
        null,
        null,
        12,
        null,
        null,
        1,
        93,
        3,
        null,
        3,
        null,
        null,
        null,
        1,
        7,
        2,
        null,
        5,
        null,
        null,
        null,
        1,
        3,
        2,
        null,
        1,
        null,
        null,
        null,
        1,
        3,
        2,
        2,
        null,
        null,
        null,
        1,
        4,
        5,
        5,
        5,
        5,
        null,
        4,
        0,
        null,
        4,
        null,
        null
      ]
    },
    "timestamp": 1555371959
  }
}
